<?xml version="1.0" encoding="UTF-8"?>
<!-- Generated by org.testng.reporters.JUnitReportReporter -->
<testsuite skipped="0" hostname="PC0SQQG7" name="com.sdc.automation.runner.TestNG" tests="1" failures="0" timestamp="7 Sep 2018 12:12:18 GMT" time="0.006" errors="0">
  <testcase name="configureTest" time="0.006" classname="com.sdc.automation.runner.TestNG"/>
</testsuite> <!-- com.sdc.automation.runner.TestNG -->
